
--------------------------------------------------
TXLib предупреждает:

Программа: C:\Users\OlegA\Desktop\Onegin v.2\aboba.exe,

ВНЕЗАПНО: Нарушение доступа к памяти.

#1: Исключение EXCEPTION_ACCESS_VIOLATION (0xC0000005) при выполнении кода по адресу 0x74F9B5CC в функции ungetwc(). Попытка прочесть данные по адресу 0xDF9464E0 в модуле C:\Windows\System32\msvcrt.dll. Спасибо _txVectoredExceptionHandler(), что сообщил. Люблю его <3

#1: TXLib [Ver: 00173a, Rev: 172, Date: 2023-08-12 11:12:24 +0400], Instance: 0x0057669C (32-bit), Flags: Cmdre0, Thread: 0x457C (Main). 

--------------------------------------------------
Стек вызовов:

# 0 0x74F9B5CC in C:\Windows\System32\msvcrt.dll: ungetwc()
# 1 0x74F94D0B in C:\Windows\System32\msvcrt.dll: printf()

# 2 0x0042C140 in C:\Users\OlegA\Desktop\Onegin v.2\aboba.exe: PrintStructText() at C:/Users/OlegA/Desktop/Onegin v.2/source/text.cpp (101):

     99: {
    100:     for (size_t i = 0; i < onegin->line_size; i++) {
=>  101:         printf("[%d] %s\n", i, onegin->line_array->str_ptr);
    102:         (onegin->line_array)++;
    103:     }

# 3 0x00457D5A in C:\Users\OlegA\Desktop\Onegin v.2\aboba.exe: main() at C:/Users/OlegA/Desktop/Onegin v.2/source/onegin.cpp (9):

      7:     text onegin = FillStructText(filename);
      8: 
=>    9:     PrintStructText(&onegin);
     10: }
     11: 

--------------------------------------------------
Developed with:

The Dumb Artist Library (TX Library)
TXLib [Ver: 00173a, Rev: 172, Date: 2023-08-12 11:12:24 +0400]
Copyright (C) Ded (Ilya Dedinsky, http://txlib.ru) <mail@txlib.ru>
See license on: http://txlib.ru

TXLib file:	c:\program files (x86)\codeblocks\mingw\include\txlib.h
Compiled:	Sep 14 2023 23:32:39, GNU g++ 4.8.1, std=201103L, MinGW Runtime 3.20, 32-bit, DEBUG
Started:	Sep 14 2023 23:37:55

Run file:	C:\Users\OlegA\Desktop\Onegin v.2\aboba.exe
Directory:	C:\Users\OlegA\Desktop\Onegin v.2

--------------------------------------------------

--------------------------------------------------
TXLib соболезнует...

Программа: C:\Users\OlegA\Desktop\Onegin v.2\aboba.exe,

ВНЕЗАПНО: signal (11, 0x00): SIGSEGV: Доступ по неверному указателю. Ставьте ассерты! 

Нарушение доступа к памяти.

#1: Исключение EXCEPTION_ACCESS_VIOLATION (0xC0000005) при выполнении кода по адресу 0x74F9B5CC в функции ungetwc(). Попытка прочесть данные по адресу 0xDF9464E0 в модуле C:\Windows\System32\msvcrt.dll. Спасибо _txVectoredExceptionHandler(), что сообщил. Люблю его <3

С помощью функции signal() вы можете сами обработать эту ошибку.

#2: TXLib [Ver: 00173a, Rev: 172, Date: 2023-08-12 11:12:24 +0400], Instance: 0x0057669C (32-bit), Flags: Cmdre0, Thread: 0x457C (Main). 

--------------------------------------------------
Стек вызовов:

# 0 0x74F9B5CC in C:\Windows\System32\msvcrt.dll: ungetwc()
# 1 0x74F94D0B in C:\Windows\System32\msvcrt.dll: printf()

# 2 0x0042C140 in C:\Users\OlegA\Desktop\Onegin v.2\aboba.exe: PrintStructText() at C:/Users/OlegA/Desktop/Onegin v.2/source/text.cpp (101):

     99: {
    100:     for (size_t i = 0; i < onegin->line_size; i++) {
=>  101:         printf("[%d] %s\n", i, onegin->line_array->str_ptr);
    102:         (onegin->line_array)++;
    103:     }

# 3 0x00457D5A in C:\Users\OlegA\Desktop\Onegin v.2\aboba.exe: main() at C:/Users/OlegA/Desktop/Onegin v.2/source/onegin.cpp (9):

      7:     text onegin = FillStructText(filename);
      8: 
=>    9:     PrintStructText(&onegin);
     10: }
     11: 

--------------------------------------------------
Developed with:

The Dumb Artist Library (TX Library)
TXLib [Ver: 00173a, Rev: 172, Date: 2023-08-12 11:12:24 +0400]
Copyright (C) Ded (Ilya Dedinsky, http://txlib.ru) <mail@txlib.ru>
See license on: http://txlib.ru

TXLib file:	c:\program files (x86)\codeblocks\mingw\include\txlib.h
Compiled:	Sep 14 2023 23:32:39, GNU g++ 4.8.1, std=201103L, MinGW Runtime 3.20, 32-bit, DEBUG
Started:	Sep 14 2023 23:37:55

Run file:	C:\Users\OlegA\Desktop\Onegin v.2\aboba.exe
Directory:	C:\Users\OlegA\Desktop\Onegin v.2

--------------------------------------------------

--------------------------------------------------
TXLib предупреждает:

Программа: C:\Users\OlegA\Desktop\Onegin v.2\aboba.exe,

ВНЕЗАПНО: Нарушение доступа к памяти.

#1: Исключение EXCEPTION_ACCESS_VIOLATION (0xC0000005) при выполнении кода по адресу 0x0042C086 в функции StrcmpLeftRight() в файле C:/Users/OlegA/Desktop/Onegin v.2/source/sort.cpp на строке 100. Попытка прочесть данные по адресу 0x6F6C2049 в модуле C:\Users\OlegA\Desktop\Onegin v.2\aboba.exe. Спасибо _txVectoredExceptionHandler(), что сообщил. Люблю его <3

#1: TXLib [Ver: 00173a, Rev: 172, Date: 2023-08-12 11:12:24 +0400], Instance: 0x005E9A3C (32-bit), Flags: Cmdre0, Thread: 0x2E0C (Main). 

--------------------------------------------------
Стек вызовов:

# 0 0x0042C086 in C:\Users\OlegA\Desktop\Onegin v.2\aboba.exe: StrcmpLeftRight() at C:/Users/OlegA/Desktop/Onegin v.2/source/sort.cpp (100):

     98:     {
     99:         while (i < str1_len) {
=>  100:             if ('a' <= str1[i] && str1[i] <= 'z') break;
    101:             if ('A' <= str1[i] && str1[i] <= 'Z') break;
    102:             //printf("Пропускаем элемент в строке str1: %c\n", str1[i]);

# 1 0x0042BEC9 in C:\Users\OlegA\Desktop\Onegin v.2\aboba.exe: Compare() at C:/Users/OlegA/Desktop/Onegin v.2/source/sort.cpp (33):

     31: int Compare(const void * str1, const void * str2)
     32: {
=>   33:     return StrcmpLeftRight( * ( line** ) str1, * ( line** ) str2 );
     34: }
     35: 

# 2 0x74F7BE14 in C:\Windows\System32\msvcrt.dll: qsort()

# 3 0x0042BEAB in C:\Users\OlegA\Desktop\Onegin v.2\aboba.exe: SortingByQsort() at C:/Users/OlegA/Desktop/Onegin v.2/source/sort.cpp (28):

     26: void SortingByQsort(text* onegin)
     27: {
=>   28:     qsort((void *)onegin->line_array, onegin->line_size, sizeof(line), Compare);
     29: }
     30: 

# 4 0x00483E42 in C:\Users\OlegA\Desktop\Onegin v.2\aboba.exe: main() at C:/Users/OlegA/Desktop/Onegin v.2/source/onegin.cpp (11):

      9: 
     10:     printf("Массив сортирует по началу строки:\n\n");
=>   11:     SortingByQsort(&onegin);
     12:     PrintStructText(&onegin);
     13: 

--------------------------------------------------
Developed with:

The Dumb Artist Library (TX Library)
TXLib [Ver: 00173a, Rev: 172, Date: 2023-08-12 11:12:24 +0400]
Copyright (C) Ded (Ilya Dedinsky, http://txlib.ru) <mail@txlib.ru>
See license on: http://txlib.ru

TXLib file:	c:\program files (x86)\codeblocks\mingw\include\txlib.h
Compiled:	Sep 15 2023 01:18:42, GNU g++ 4.8.1, std=201103L, MinGW Runtime 3.20, 32-bit, DEBUG
Started:	Sep 15 2023 01:18:48

Run file:	C:\Users\OlegA\Desktop\Onegin v.2\aboba.exe
Directory:	C:\Users\OlegA\Desktop\Onegin v.2

--------------------------------------------------

--------------------------------------------------
TXLib соболезнует...

Программа: C:\Users\OlegA\Desktop\Onegin v.2\aboba.exe,

ВНЕЗАПНО: signal (11, 0x00): SIGSEGV: Доступ по неверному указателю. Ставьте ассерты! 

Нарушение доступа к памяти.

#1: Исключение EXCEPTION_ACCESS_VIOLATION (0xC0000005) при выполнении кода по адресу 0x0042C086 в функции StrcmpLeftRight() в файле C:/Users/OlegA/Desktop/Onegin v.2/source/sort.cpp на строке 100. Попытка прочесть данные по адресу 0x6F6C2049 в модуле C:\Users\OlegA\Desktop\Onegin v.2\aboba.exe. Спасибо _txVectoredExceptionHandler(), что сообщил. Люблю его <3

С помощью функции signal() вы можете сами обработать эту ошибку.

#2: TXLib [Ver: 00173a, Rev: 172, Date: 2023-08-12 11:12:24 +0400], Instance: 0x005E9A3C (32-bit), Flags: Cmdre0, Thread: 0x2E0C (Main). 

--------------------------------------------------
Стек вызовов:

# 0 0x0042C086 in C:\Users\OlegA\Desktop\Onegin v.2\aboba.exe: StrcmpLeftRight() at C:/Users/OlegA/Desktop/Onegin v.2/source/sort.cpp (100):

     98:     {
     99:         while (i < str1_len) {
=>  100:             if ('a' <= str1[i] && str1[i] <= 'z') break;
    101:             if ('A' <= str1[i] && str1[i] <= 'Z') break;
    102:             //printf("Пропускаем элемент в строке str1: %c\n", str1[i]);

# 1 0x0042BEC9 in C:\Users\OlegA\Desktop\Onegin v.2\aboba.exe: Compare() at C:/Users/OlegA/Desktop/Onegin v.2/source/sort.cpp (33):

     31: int Compare(const void * str1, const void * str2)
     32: {
=>   33:     return StrcmpLeftRight( * ( line** ) str1, * ( line** ) str2 );
     34: }
     35: 

# 2 0x74F7BE14 in C:\Windows\System32\msvcrt.dll: qsort()

# 3 0x0042BEAB in C:\Users\OlegA\Desktop\Onegin v.2\aboba.exe: SortingByQsort() at C:/Users/OlegA/Desktop/Onegin v.2/source/sort.cpp (28):

     26: void SortingByQsort(text* onegin)
     27: {
=>   28:     qsort((void *)onegin->line_array, onegin->line_size, sizeof(line), Compare);
     29: }
     30: 

# 4 0x00483E42 in C:\Users\OlegA\Desktop\Onegin v.2\aboba.exe: main() at C:/Users/OlegA/Desktop/Onegin v.2/source/onegin.cpp (11):

      9: 
     10:     printf("Массив сортирует по началу строки:\n\n");
=>   11:     SortingByQsort(&onegin);
     12:     PrintStructText(&onegin);
     13: 

--------------------------------------------------
Developed with:

The Dumb Artist Library (TX Library)
TXLib [Ver: 00173a, Rev: 172, Date: 2023-08-12 11:12:24 +0400]
Copyright (C) Ded (Ilya Dedinsky, http://txlib.ru) <mail@txlib.ru>
See license on: http://txlib.ru

TXLib file:	c:\program files (x86)\codeblocks\mingw\include\txlib.h
Compiled:	Sep 15 2023 01:18:42, GNU g++ 4.8.1, std=201103L, MinGW Runtime 3.20, 32-bit, DEBUG
Started:	Sep 15 2023 01:18:48

Run file:	C:\Users\OlegA\Desktop\Onegin v.2\aboba.exe
Directory:	C:\Users\OlegA\Desktop\Onegin v.2

--------------------------------------------------

--------------------------------------------------
TXLib предупреждает:

Программа: C:\Users\OlegA\Desktop\Onegin v.2\aboba.exe,

ВНЕЗАПНО: Нарушение доступа к памяти.

#1: Исключение EXCEPTION_ACCESS_VIOLATION (0xC0000005) при выполнении кода по адресу 0x0042C086 в функции StrcmpLeftRight() в файле C:/Users/OlegA/Desktop/Onegin v.2/source/sort.cpp на строке 100. Попытка прочесть данные по адресу 0x6F6C2049 в модуле C:\Users\OlegA\Desktop\Onegin v.2\aboba.exe. Спасибо _txVectoredExceptionHandler(), что сообщил. Люблю его <3

#1: TXLib [Ver: 00173a, Rev: 172, Date: 2023-08-12 11:12:24 +0400], Instance: 0x005E9A3C (32-bit), Flags: Cmdre0, Thread: 0x3360 (Main). 

--------------------------------------------------
Стек вызовов:

# 0 0x0042C086 in C:\Users\OlegA\Desktop\Onegin v.2\aboba.exe: StrcmpLeftRight() at C:/Users/OlegA/Desktop/Onegin v.2/source/sort.cpp (100):

     98:     {
     99:         while (i < str1_len) {
=>  100:             if ('a' <= str1[i] && str1[i] <= 'z') break;
    101:             if ('A' <= str1[i] && str1[i] <= 'Z') break;
    102:             //printf("Пропускаем элемент в строке str1: %c\n", str1[i]);

# 1 0x0042BEC9 in C:\Users\OlegA\Desktop\Onegin v.2\aboba.exe: Compare() at C:/Users/OlegA/Desktop/Onegin v.2/source/sort.cpp (33):

     31: int Compare(const void * str1, const void * str2)
     32: {
=>   33:     return StrcmpLeftRight( * ( line** ) str1, * ( line** ) str2 );
     34: }
     35: 

# 2 0x74F7BE14 in C:\Windows\System32\msvcrt.dll: qsort()

# 3 0x0042BEAB in C:\Users\OlegA\Desktop\Onegin v.2\aboba.exe: SortingByQsort() at C:/Users/OlegA/Desktop/Onegin v.2/source/sort.cpp (28):

     26: void SortingByQsort(text* onegin)
     27: {
=>   28:     qsort((void *)onegin->line_array, onegin->line_size, sizeof(line), Compare);
     29: }
     30: 

# 4 0x00483E42 in C:\Users\OlegA\Desktop\Onegin v.2\aboba.exe: main() at C:/Users/OlegA/Desktop/Onegin v.2/source/onegin.cpp (11):

      9: 
     10:     printf("Массив сортирует по началу строки:\n\n");
=>   11:     SortingByQsort(&onegin);
     12:     PrintStructText(&onegin);
     13: 

--------------------------------------------------
Developed with:

The Dumb Artist Library (TX Library)
TXLib [Ver: 00173a, Rev: 172, Date: 2023-08-12 11:12:24 +0400]
Copyright (C) Ded (Ilya Dedinsky, http://txlib.ru) <mail@txlib.ru>
See license on: http://txlib.ru

TXLib file:	c:\program files (x86)\codeblocks\mingw\include\txlib.h
Compiled:	Sep 15 2023 01:18:42, GNU g++ 4.8.1, std=201103L, MinGW Runtime 3.20, 32-bit, DEBUG
Started:	Sep 15 2023 01:21:28

Run file:	C:\Users\OlegA\Desktop\Onegin v.2\aboba.exe
Directory:	C:\Users\OlegA\Desktop\Onegin v.2

--------------------------------------------------

--------------------------------------------------
TXLib соболезнует...

Программа: C:\Users\OlegA\Desktop\Onegin v.2\aboba.exe,

ВНЕЗАПНО: signal (11, 0x00): SIGSEGV: Доступ по неверному указателю. Ставьте ассерты! 

Нарушение доступа к памяти.

#1: Исключение EXCEPTION_ACCESS_VIOLATION (0xC0000005) при выполнении кода по адресу 0x0042C086 в функции StrcmpLeftRight() в файле C:/Users/OlegA/Desktop/Onegin v.2/source/sort.cpp на строке 100. Попытка прочесть данные по адресу 0x6F6C2049 в модуле C:\Users\OlegA\Desktop\Onegin v.2\aboba.exe. Спасибо _txVectoredExceptionHandler(), что сообщил. Люблю его <3

С помощью функции signal() вы можете сами обработать эту ошибку.

#2: TXLib [Ver: 00173a, Rev: 172, Date: 2023-08-12 11:12:24 +0400], Instance: 0x005E9A3C (32-bit), Flags: Cmdre0, Thread: 0x3360 (Main). 

--------------------------------------------------
Стек вызовов:

# 0 0x0042C086 in C:\Users\OlegA\Desktop\Onegin v.2\aboba.exe: StrcmpLeftRight() at C:/Users/OlegA/Desktop/Onegin v.2/source/sort.cpp (100):

     98:     {
     99:         while (i < str1_len) {
=>  100:             if ('a' <= str1[i] && str1[i] <= 'z') break;
    101:             if ('A' <= str1[i] && str1[i] <= 'Z') break;
    102:             //printf("Пропускаем элемент в строке str1: %c\n", str1[i]);

# 1 0x0042BEC9 in C:\Users\OlegA\Desktop\Onegin v.2\aboba.exe: Compare() at C:/Users/OlegA/Desktop/Onegin v.2/source/sort.cpp (33):

     31: int Compare(const void * str1, const void * str2)
     32: {
=>   33:     return StrcmpLeftRight( * ( line** ) str1, * ( line** ) str2 );
     34: }
     35: 

# 2 0x74F7BE14 in C:\Windows\System32\msvcrt.dll: qsort()

# 3 0x0042BEAB in C:\Users\OlegA\Desktop\Onegin v.2\aboba.exe: SortingByQsort() at C:/Users/OlegA/Desktop/Onegin v.2/source/sort.cpp (28):

     26: void SortingByQsort(text* onegin)
     27: {
=>   28:     qsort((void *)onegin->line_array, onegin->line_size, sizeof(line), Compare);
     29: }
     30: 

# 4 0x00483E42 in C:\Users\OlegA\Desktop\Onegin v.2\aboba.exe: main() at C:/Users/OlegA/Desktop/Onegin v.2/source/onegin.cpp (11):

      9: 
     10:     printf("Массив сортирует по началу строки:\n\n");
=>   11:     SortingByQsort(&onegin);
     12:     PrintStructText(&onegin);
     13: 

--------------------------------------------------
Developed with:

The Dumb Artist Library (TX Library)
TXLib [Ver: 00173a, Rev: 172, Date: 2023-08-12 11:12:24 +0400]
Copyright (C) Ded (Ilya Dedinsky, http://txlib.ru) <mail@txlib.ru>
See license on: http://txlib.ru

TXLib file:	c:\program files (x86)\codeblocks\mingw\include\txlib.h
Compiled:	Sep 15 2023 01:18:42, GNU g++ 4.8.1, std=201103L, MinGW Runtime 3.20, 32-bit, DEBUG
Started:	Sep 15 2023 01:21:28

Run file:	C:\Users\OlegA\Desktop\Onegin v.2\aboba.exe
Directory:	C:\Users\OlegA\Desktop\Onegin v.2

--------------------------------------------------

--------------------------------------------------
TXLib предупреждает:

Программа: C:\Users\OlegA\Desktop\Onegin v.2\aboba.exe,

ВНЕЗАПНО: Нарушение доступа к памяти.

#1: Исключение EXCEPTION_ACCESS_VIOLATION (0xC0000005) при выполнении кода по адресу 0x0042BF2B в функции StrcmpRightLeft() в файле C:/Users/OlegA/Desktop/Onegin v.2/source/sort.cpp на строке 50. Попытка прочесть данные по адресу 0xFFFFFFFF в модуле C:\Users\OlegA\Desktop\Onegin v.2\aboba.exe. Спасибо _txVectoredExceptionHandler(), что сообщил. Люблю его <3

#1: TXLib [Ver: 00173a, Rev: 172, Date: 2023-08-12 11:12:24 +0400], Instance: 0x005E9A3C (32-bit), Flags: Cmdre0, Thread: 0x3F08 (Main). 

--------------------------------------------------
Стек вызовов:

# 0 0x0042BF2B in C:\Users\OlegA\Desktop\Onegin v.2\aboba.exe: StrcmpRightLeft() at C:/Users/OlegA/Desktop/Onegin v.2/source/sort.cpp (50):

     48:     {
     49:         while (i > 0) {
=>   50:             if ('a' <= str1[i] && str1[i] <= 'z') break;
     51:             if ('A' <= str1[i] && str1[i] <= 'Z') break;
     52:             //printf("Пропускаем элемент в строке str1: %c\n", str1[i]);

# 1 0x0042BDF1 in C:\Users\OlegA\Desktop\Onegin v.2\aboba.exe: SortBubbleArray() at C:/Users/OlegA/Desktop/Onegin v.2/source/sort.cpp (13):

     11:             if ((onegin->line_array + j) == nullptr) break;
     12: 
=>   13:             int is_str1_smaller_str2 = (*comp)(*(onegin->line_array + i), *(onegin->line_array + j));
     14: 
     15:             if (is_str1_smaller_str2 > 0)

# 2 0x00483F3E in C:\Users\OlegA\Desktop\Onegin v.2\aboba.exe: main() at C:/Users/OlegA/Desktop/Onegin v.2/source/onegin.cpp (15):

     13: 
     14:     printf("\nМассив сортирует по концу строки:\n\n");
=>   15:     SortBubbleArray(&onegin, StrcmpRightLeft);
     16:     PrintStructText(&onegin);
     17: 

--------------------------------------------------
Developed with:

The Dumb Artist Library (TX Library)
TXLib [Ver: 00173a, Rev: 172, Date: 2023-08-12 11:12:24 +0400]
Copyright (C) Ded (Ilya Dedinsky, http://txlib.ru) <mail@txlib.ru>
See license on: http://txlib.ru

TXLib file:	c:\program files (x86)\codeblocks\mingw\include\txlib.h
Compiled:	Sep 15 2023 01:35:38, GNU g++ 4.8.1, std=201103L, MinGW Runtime 3.20, 32-bit, DEBUG
Started:	Sep 15 2023 01:35:47

Run file:	C:\Users\OlegA\Desktop\Onegin v.2\aboba.exe
Directory:	C:\Users\OlegA\Desktop\Onegin v.2

--------------------------------------------------

--------------------------------------------------
TXLib соболезнует...

Программа: C:\Users\OlegA\Desktop\Onegin v.2\aboba.exe,

ВНЕЗАПНО: signal (11, 0x00): SIGSEGV: Доступ по неверному указателю. Ставьте ассерты! 

Нарушение доступа к памяти.

#1: Исключение EXCEPTION_ACCESS_VIOLATION (0xC0000005) при выполнении кода по адресу 0x0042BF2B в функции StrcmpRightLeft() в файле C:/Users/OlegA/Desktop/Onegin v.2/source/sort.cpp на строке 50. Попытка прочесть данные по адресу 0xFFFFFFFF в модуле C:\Users\OlegA\Desktop\Onegin v.2\aboba.exe. Спасибо _txVectoredExceptionHandler(), что сообщил. Люблю его <3

С помощью функции signal() вы можете сами обработать эту ошибку.

#2: TXLib [Ver: 00173a, Rev: 172, Date: 2023-08-12 11:12:24 +0400], Instance: 0x005E9A3C (32-bit), Flags: Cmdre0, Thread: 0x3F08 (Main). 

--------------------------------------------------
Стек вызовов:

# 0 0x0042BF2B in C:\Users\OlegA\Desktop\Onegin v.2\aboba.exe: StrcmpRightLeft() at C:/Users/OlegA/Desktop/Onegin v.2/source/sort.cpp (50):

     48:     {
     49:         while (i > 0) {
=>   50:             if ('a' <= str1[i] && str1[i] <= 'z') break;
     51:             if ('A' <= str1[i] && str1[i] <= 'Z') break;
     52:             //printf("Пропускаем элемент в строке str1: %c\n", str1[i]);

# 1 0x0042BDF1 in C:\Users\OlegA\Desktop\Onegin v.2\aboba.exe: SortBubbleArray() at C:/Users/OlegA/Desktop/Onegin v.2/source/sort.cpp (13):

     11:             if ((onegin->line_array + j) == nullptr) break;
     12: 
=>   13:             int is_str1_smaller_str2 = (*comp)(*(onegin->line_array + i), *(onegin->line_array + j));
     14: 
     15:             if (is_str1_smaller_str2 > 0)

# 2 0x00483F3E in C:\Users\OlegA\Desktop\Onegin v.2\aboba.exe: main() at C:/Users/OlegA/Desktop/Onegin v.2/source/onegin.cpp (15):

     13: 
     14:     printf("\nМассив сортирует по концу строки:\n\n");
=>   15:     SortBubbleArray(&onegin, StrcmpRightLeft);
     16:     PrintStructText(&onegin);
     17: 

--------------------------------------------------
Developed with:

The Dumb Artist Library (TX Library)
TXLib [Ver: 00173a, Rev: 172, Date: 2023-08-12 11:12:24 +0400]
Copyright (C) Ded (Ilya Dedinsky, http://txlib.ru) <mail@txlib.ru>
See license on: http://txlib.ru

TXLib file:	c:\program files (x86)\codeblocks\mingw\include\txlib.h
Compiled:	Sep 15 2023 01:35:38, GNU g++ 4.8.1, std=201103L, MinGW Runtime 3.20, 32-bit, DEBUG
Started:	Sep 15 2023 01:35:47

Run file:	C:\Users\OlegA\Desktop\Onegin v.2\aboba.exe
Directory:	C:\Users\OlegA\Desktop\Onegin v.2

--------------------------------------------------

--------------------------------------------------
TXLib предупреждает:

Программа: C:\Users\OlegA\Desktop\Onegin v.2\aboba.exe,

ВНЕЗАПНО: Нарушение доступа к памяти.

#1: Исключение EXCEPTION_ACCESS_VIOLATION (0xC0000005) при выполнении кода по адресу 0x0042BF2B в функции StrcmpRightLeft() в файле C:/Users/OlegA/Desktop/Onegin v.2/source/sort.cpp на строке 50. Попытка прочесть данные по адресу 0xFFFFFFFF в модуле C:\Users\OlegA\Desktop\Onegin v.2\aboba.exe. Спасибо _txVectoredExceptionHandler(), что сообщил. Люблю его <3

#1: TXLib [Ver: 00173a, Rev: 172, Date: 2023-08-12 11:12:24 +0400], Instance: 0x005E9A3C (32-bit), Flags: Cmdre0, Thread: 0x2F4C (Main). 

--------------------------------------------------
Стек вызовов:

# 0 0x0042BF2B in C:\Users\OlegA\Desktop\Onegin v.2\aboba.exe: StrcmpRightLeft() at C:/Users/OlegA/Desktop/Onegin v.2/source/sort.cpp (50):

     48:     {
     49:         while (i > 0) {
=>   50:             if ('a' <= str1[i] && str1[i] <= 'z') break;
     51:             if ('A' <= str1[i] && str1[i] <= 'Z') break;
     52:             //printf("Пропускаем элемент в строке str1: %c\n", str1[i]);

# 1 0x0042BDF1 in C:\Users\OlegA\Desktop\Onegin v.2\aboba.exe: SortBubbleArray() at C:/Users/OlegA/Desktop/Onegin v.2/source/sort.cpp (13):

     11:             if ((onegin->line_array + j) == nullptr) break;
     12: 
=>   13:             int is_str1_smaller_str2 = (*comp)(*(onegin->line_array + i), *(onegin->line_array + j));
     14: 
     15:             if (is_str1_smaller_str2 > 0)

# 2 0x00483F3E in C:\Users\OlegA\Desktop\Onegin v.2\aboba.exe: main() at C:/Users/OlegA/Desktop/Onegin v.2/source/onegin.cpp (15):

     13: 
     14:     printf("\nМассив сортирует по концу строки:\n\n");
=>   15:     SortBubbleArray(&onegin, StrcmpRightLeft);
     16:     PrintStructText(&onegin);
     17: 

--------------------------------------------------
Developed with:

The Dumb Artist Library (TX Library)
TXLib [Ver: 00173a, Rev: 172, Date: 2023-08-12 11:12:24 +0400]
Copyright (C) Ded (Ilya Dedinsky, http://txlib.ru) <mail@txlib.ru>
See license on: http://txlib.ru

TXLib file:	c:\program files (x86)\codeblocks\mingw\include\txlib.h
Compiled:	Sep 15 2023 01:44:53, GNU g++ 4.8.1, std=201103L, MinGW Runtime 3.20, 32-bit, DEBUG
Started:	Sep 15 2023 01:44:58

Run file:	C:\Users\OlegA\Desktop\Onegin v.2\aboba.exe
Directory:	C:\Users\OlegA\Desktop\Onegin v.2

--------------------------------------------------

--------------------------------------------------
TXLib соболезнует...

Программа: C:\Users\OlegA\Desktop\Onegin v.2\aboba.exe,

ВНЕЗАПНО: signal (11, 0x00): SIGSEGV: Доступ по неверному указателю. Ставьте ассерты! 

Нарушение доступа к памяти.

#1: Исключение EXCEPTION_ACCESS_VIOLATION (0xC0000005) при выполнении кода по адресу 0x0042BF2B в функции StrcmpRightLeft() в файле C:/Users/OlegA/Desktop/Onegin v.2/source/sort.cpp на строке 50. Попытка прочесть данные по адресу 0xFFFFFFFF в модуле C:\Users\OlegA\Desktop\Onegin v.2\aboba.exe. Спасибо _txVectoredExceptionHandler(), что сообщил. Люблю его <3

С помощью функции signal() вы можете сами обработать эту ошибку.

#2: TXLib [Ver: 00173a, Rev: 172, Date: 2023-08-12 11:12:24 +0400], Instance: 0x005E9A3C (32-bit), Flags: Cmdre0, Thread: 0x2F4C (Main). 

--------------------------------------------------
Стек вызовов:

# 0 0x0042BF2B in C:\Users\OlegA\Desktop\Onegin v.2\aboba.exe: StrcmpRightLeft() at C:/Users/OlegA/Desktop/Onegin v.2/source/sort.cpp (50):

     48:     {
     49:         while (i > 0) {
=>   50:             if ('a' <= str1[i] && str1[i] <= 'z') break;
     51:             if ('A' <= str1[i] && str1[i] <= 'Z') break;
     52:             //printf("Пропускаем элемент в строке str1: %c\n", str1[i]);

# 1 0x0042BDF1 in C:\Users\OlegA\Desktop\Onegin v.2\aboba.exe: SortBubbleArray() at C:/Users/OlegA/Desktop/Onegin v.2/source/sort.cpp (13):

     11:             if ((onegin->line_array + j) == nullptr) break;
     12: 
=>   13:             int is_str1_smaller_str2 = (*comp)(*(onegin->line_array + i), *(onegin->line_array + j));
     14: 
     15:             if (is_str1_smaller_str2 > 0)

# 2 0x00483F3E in C:\Users\OlegA\Desktop\Onegin v.2\aboba.exe: main() at C:/Users/OlegA/Desktop/Onegin v.2/source/onegin.cpp (15):

     13: 
     14:     printf("\nМассив сортирует по концу строки:\n\n");
=>   15:     SortBubbleArray(&onegin, StrcmpRightLeft);
     16:     PrintStructText(&onegin);
     17: 

--------------------------------------------------
Developed with:

The Dumb Artist Library (TX Library)
TXLib [Ver: 00173a, Rev: 172, Date: 2023-08-12 11:12:24 +0400]
Copyright (C) Ded (Ilya Dedinsky, http://txlib.ru) <mail@txlib.ru>
See license on: http://txlib.ru

TXLib file:	c:\program files (x86)\codeblocks\mingw\include\txlib.h
Compiled:	Sep 15 2023 01:44:53, GNU g++ 4.8.1, std=201103L, MinGW Runtime 3.20, 32-bit, DEBUG
Started:	Sep 15 2023 01:44:58

Run file:	C:\Users\OlegA\Desktop\Onegin v.2\aboba.exe
Directory:	C:\Users\OlegA\Desktop\Onegin v.2

--------------------------------------------------

--------------------------------------------------
TXLib предупреждает:

Программа: C:\Users\OlegA\Desktop\Onegin v.2\aboba.exe,

ВНЕЗАПНО: Нарушение доступа к памяти.

#1: Исключение EXCEPTION_ACCESS_VIOLATION (0xC0000005) при выполнении кода по адресу 0x0042BF9F в функции StrcmpRightLeft() в файле C:/Users/OlegA/Desktop/Onegin v.2/source/sort.cpp на строке 52. Попытка прочесть данные по адресу 0xFFFFFFFF в модуле C:\Users\OlegA\Desktop\Onegin v.2\aboba.exe. Спасибо _txVectoredExceptionHandler(), что сообщил. Люблю его <3

#1: TXLib [Ver: 00173a, Rev: 172, Date: 2023-08-12 11:12:24 +0400], Instance: 0x005E9A3C (32-bit), Flags: Cmdre0, Thread: 0xE54 (Main). 

--------------------------------------------------
Стек вызовов:

# 0 0x0042BF9F in C:\Users\OlegA\Desktop\Onegin v.2\aboba.exe: StrcmpRightLeft() at C:/Users/OlegA/Desktop/Onegin v.2/source/sort.cpp (52):

     50:             assert(str1 + i);
     51: 
=>   52:             if ('a' <= str1[i] && str1[i] <= 'z') break;
     53:             if ('A' <= str1[i] && str1[i] <= 'Z') break;
     54:             //printf("Пропускаем элемент в строке str1: %c\n", str1[i]);

# 1 0x0042BDF1 in C:\Users\OlegA\Desktop\Onegin v.2\aboba.exe: SortBubbleArray() at C:/Users/OlegA/Desktop/Onegin v.2/source/sort.cpp (13):

     11:             if ((onegin->line_array + j) == nullptr) break;
     12: 
=>   13:             int is_str1_smaller_str2 = (*comp)(*(onegin->line_array + i), *(onegin->line_array + j));
     14: 
     15:             if (is_str1_smaller_str2 > 0)

# 2 0x00484032 in C:\Users\OlegA\Desktop\Onegin v.2\aboba.exe: main() at C:/Users/OlegA/Desktop/Onegin v.2/source/onegin.cpp (15):

     13: 
     14:     printf("\nМассив сортирует по концу строки:\n\n");
=>   15:     SortBubbleArray(&onegin, StrcmpRightLeft);
     16:     PrintStructText(&onegin);
     17: 

--------------------------------------------------
Developed with:

The Dumb Artist Library (TX Library)
TXLib [Ver: 00173a, Rev: 172, Date: 2023-08-12 11:12:24 +0400]
Copyright (C) Ded (Ilya Dedinsky, http://txlib.ru) <mail@txlib.ru>
See license on: http://txlib.ru

TXLib file:	c:\program files (x86)\codeblocks\mingw\include\txlib.h
Compiled:	Sep 15 2023 01:44:53, GNU g++ 4.8.1, std=201103L, MinGW Runtime 3.20, 32-bit, DEBUG
Started:	Sep 15 2023 01:48:19

Run file:	C:\Users\OlegA\Desktop\Onegin v.2\aboba.exe
Directory:	C:\Users\OlegA\Desktop\Onegin v.2

--------------------------------------------------

--------------------------------------------------
TXLib соболезнует...

Программа: C:\Users\OlegA\Desktop\Onegin v.2\aboba.exe,

ВНЕЗАПНО: signal (11, 0x00): SIGSEGV: Доступ по неверному указателю. Ставьте ассерты! 

Нарушение доступа к памяти.

#1: Исключение EXCEPTION_ACCESS_VIOLATION (0xC0000005) при выполнении кода по адресу 0x0042BF9F в функции StrcmpRightLeft() в файле C:/Users/OlegA/Desktop/Onegin v.2/source/sort.cpp на строке 52. Попытка прочесть данные по адресу 0xFFFFFFFF в модуле C:\Users\OlegA\Desktop\Onegin v.2\aboba.exe. Спасибо _txVectoredExceptionHandler(), что сообщил. Люблю его <3

С помощью функции signal() вы можете сами обработать эту ошибку.

#2: TXLib [Ver: 00173a, Rev: 172, Date: 2023-08-12 11:12:24 +0400], Instance: 0x005E9A3C (32-bit), Flags: Cmdre0, Thread: 0xE54 (Main). 

--------------------------------------------------
Стек вызовов:

# 0 0x0042BF9F in C:\Users\OlegA\Desktop\Onegin v.2\aboba.exe: StrcmpRightLeft() at C:/Users/OlegA/Desktop/Onegin v.2/source/sort.cpp (52):

     50:             assert(str1 + i);
     51: 
=>   52:             if ('a' <= str1[i] && str1[i] <= 'z') break;
     53:             if ('A' <= str1[i] && str1[i] <= 'Z') break;
     54:             //printf("Пропускаем элемент в строке str1: %c\n", str1[i]);

# 1 0x0042BDF1 in C:\Users\OlegA\Desktop\Onegin v.2\aboba.exe: SortBubbleArray() at C:/Users/OlegA/Desktop/Onegin v.2/source/sort.cpp (13):

     11:             if ((onegin->line_array + j) == nullptr) break;
     12: 
=>   13:             int is_str1_smaller_str2 = (*comp)(*(onegin->line_array + i), *(onegin->line_array + j));
     14: 
     15:             if (is_str1_smaller_str2 > 0)

# 2 0x00484032 in C:\Users\OlegA\Desktop\Onegin v.2\aboba.exe: main() at C:/Users/OlegA/Desktop/Onegin v.2/source/onegin.cpp (15):

     13: 
     14:     printf("\nМассив сортирует по концу строки:\n\n");
=>   15:     SortBubbleArray(&onegin, StrcmpRightLeft);
     16:     PrintStructText(&onegin);
     17: 

--------------------------------------------------
Developed with:

The Dumb Artist Library (TX Library)
TXLib [Ver: 00173a, Rev: 172, Date: 2023-08-12 11:12:24 +0400]
Copyright (C) Ded (Ilya Dedinsky, http://txlib.ru) <mail@txlib.ru>
See license on: http://txlib.ru

TXLib file:	c:\program files (x86)\codeblocks\mingw\include\txlib.h
Compiled:	Sep 15 2023 01:44:53, GNU g++ 4.8.1, std=201103L, MinGW Runtime 3.20, 32-bit, DEBUG
Started:	Sep 15 2023 01:48:19

Run file:	C:\Users\OlegA\Desktop\Onegin v.2\aboba.exe
Directory:	C:\Users\OlegA\Desktop\Onegin v.2

--------------------------------------------------

--------------------------------------------------
TXLib предупреждает:

Программа: C:\Users\OlegA\Desktop\Onegin v.2\aboba.exe,

ВНЕЗАПНО: Нарушение доступа к памяти.

#1: Исключение EXCEPTION_ACCESS_VIOLATION (0xC0000005) при выполнении кода по адресу 0x0042C225 в функции StrcmpLeftRight() в файле C:/Users/OlegA/Desktop/Onegin v.2/source/sort.cpp на строке 119. Попытка прочесть данные по адресу NULL в модуле C:\Users\OlegA\Desktop\Onegin v.2\aboba.exe. Спасибо _txVectoredExceptionHandler(), что сообщил. Люблю его <3

#1: TXLib [Ver: 00173a, Rev: 172, Date: 2023-08-12 11:12:24 +0400], Instance: 0x005E9A3C (32-bit), Flags: Cmdre0, Thread: 0x4834 (Main). 

--------------------------------------------------
Стек вызовов:

# 0 0x0042C225 in C:\Users\OlegA\Desktop\Onegin v.2\aboba.exe: StrcmpLeftRight() at C:/Users/OlegA/Desktop/Onegin v.2/source/sort.cpp (119):

    117:         //printf("Сравниваем последний буквенный элемент в строке str2: %c\n", str2[j]);
    118: 
=>  119:         if (str1[i] > str2[j]) {
    120:             return 1;
    121:         } else if (str1[i] < str2[j]) {

# 1 0x0042BEEF in C:\Users\OlegA\Desktop\Onegin v.2\aboba.exe: Compare() at C:/Users/OlegA/Desktop/Onegin v.2/source/sort.cpp (33):

     31: int Compare(const void * str1, const void * str2)
     32: {
=>   33:     return StrcmpLeftRight( * ( line* ) str1, * ( line* ) str2 );
     34: }
     35: 

# 2 0x74F7BED2 in C:\Windows\System32\msvcrt.dll: qsort()

# 3 0x0042BEC3 in C:\Users\OlegA\Desktop\Onegin v.2\aboba.exe: SortingByQsort() at C:/Users/OlegA/Desktop/Onegin v.2/source/sort.cpp (28):

     26: void SortingByQsort(text* onegin)
     27: {
=>   28:     qsort((void *)onegin->line_array, onegin->line_size, sizeof(line), Compare);
     29: }
     30: 

# 4 0x00484032 in C:\Users\OlegA\Desktop\Onegin v.2\aboba.exe: main() at C:/Users/OlegA/Desktop/Onegin v.2/source/onegin.cpp (15):

     13: 
     14:     printf("Массив сортирует по началу строки:\n\n");
=>   15:     SortingByQsort(&onegin);
     16:     PrintStructText(&onegin);
     17: 

--------------------------------------------------
Developed with:

The Dumb Artist Library (TX Library)
TXLib [Ver: 00173a, Rev: 172, Date: 2023-08-12 11:12:24 +0400]
Copyright (C) Ded (Ilya Dedinsky, http://txlib.ru) <mail@txlib.ru>
See license on: http://txlib.ru

TXLib file:	c:\program files (x86)\codeblocks\mingw\include\txlib.h
Compiled:	Sep 15 2023 01:50:41, GNU g++ 4.8.1, std=201103L, MinGW Runtime 3.20, 32-bit, DEBUG
Started:	Sep 15 2023 01:50:45

Run file:	C:\Users\OlegA\Desktop\Onegin v.2\aboba.exe
Directory:	C:\Users\OlegA\Desktop\Onegin v.2

--------------------------------------------------

--------------------------------------------------
TXLib соболезнует...

Программа: C:\Users\OlegA\Desktop\Onegin v.2\aboba.exe,

ВНЕЗАПНО: signal (11, 0x00): SIGSEGV: Доступ по неверному указателю. Ставьте ассерты! 

Нарушение доступа к памяти.

#1: Исключение EXCEPTION_ACCESS_VIOLATION (0xC0000005) при выполнении кода по адресу 0x0042C225 в функции StrcmpLeftRight() в файле C:/Users/OlegA/Desktop/Onegin v.2/source/sort.cpp на строке 119. Попытка прочесть данные по адресу NULL в модуле C:\Users\OlegA\Desktop\Onegin v.2\aboba.exe. Спасибо _txVectoredExceptionHandler(), что сообщил. Люблю его <3

С помощью функции signal() вы можете сами обработать эту ошибку.

#2: TXLib [Ver: 00173a, Rev: 172, Date: 2023-08-12 11:12:24 +0400], Instance: 0x005E9A3C (32-bit), Flags: Cmdre0, Thread: 0x4834 (Main). 

--------------------------------------------------
Стек вызовов:

# 0 0x0042C225 in C:\Users\OlegA\Desktop\Onegin v.2\aboba.exe: StrcmpLeftRight() at C:/Users/OlegA/Desktop/Onegin v.2/source/sort.cpp (119):

    117:         //printf("Сравниваем последний буквенный элемент в строке str2: %c\n", str2[j]);
    118: 
=>  119:         if (str1[i] > str2[j]) {
    120:             return 1;
    121:         } else if (str1[i] < str2[j]) {

# 1 0x0042BEEF in C:\Users\OlegA\Desktop\Onegin v.2\aboba.exe: Compare() at C:/Users/OlegA/Desktop/Onegin v.2/source/sort.cpp (33):

     31: int Compare(const void * str1, const void * str2)
     32: {
=>   33:     return StrcmpLeftRight( * ( line* ) str1, * ( line* ) str2 );
     34: }
     35: 

# 2 0x74F7BED2 in C:\Windows\System32\msvcrt.dll: qsort()

# 3 0x0042BEC3 in C:\Users\OlegA\Desktop\Onegin v.2\aboba.exe: SortingByQsort() at C:/Users/OlegA/Desktop/Onegin v.2/source/sort.cpp (28):

     26: void SortingByQsort(text* onegin)
     27: {
=>   28:     qsort((void *)onegin->line_array, onegin->line_size, sizeof(line), Compare);
     29: }
     30: 

# 4 0x00484032 in C:\Users\OlegA\Desktop\Onegin v.2\aboba.exe: main() at C:/Users/OlegA/Desktop/Onegin v.2/source/onegin.cpp (15):

     13: 
     14:     printf("Массив сортирует по началу строки:\n\n");
=>   15:     SortingByQsort(&onegin);
     16:     PrintStructText(&onegin);
     17: 

--------------------------------------------------
Developed with:

The Dumb Artist Library (TX Library)
TXLib [Ver: 00173a, Rev: 172, Date: 2023-08-12 11:12:24 +0400]
Copyright (C) Ded (Ilya Dedinsky, http://txlib.ru) <mail@txlib.ru>
See license on: http://txlib.ru

TXLib file:	c:\program files (x86)\codeblocks\mingw\include\txlib.h
Compiled:	Sep 15 2023 01:50:41, GNU g++ 4.8.1, std=201103L, MinGW Runtime 3.20, 32-bit, DEBUG
Started:	Sep 15 2023 01:50:45

Run file:	C:\Users\OlegA\Desktop\Onegin v.2\aboba.exe
Directory:	C:\Users\OlegA\Desktop\Onegin v.2

--------------------------------------------------

--------------------------------------------------
TXLib предупреждает:

Программа: C:\Users\OlegA\Desktop\Onegin v.2\aboba.exe,

ВНЕЗАПНО: Нарушение доступа к памяти.

#1: Исключение EXCEPTION_ACCESS_VIOLATION (0xC0000005) при выполнении кода по адресу 0x004586F7 в функции PrintNotSortedArray() в файле C:/Users/OlegA/Desktop/Onegin v.2/source/text.cpp на строке 195. Попытка прочесть данные по адресу 0x01C8E001 в модуле C:\Users\OlegA\Desktop\Onegin v.2\aboba.exe. Спасибо _txVectoredExceptionHandler(), что сообщил. Люблю его <3

#1: TXLib [Ver: 00173a, Rev: 172, Date: 2023-08-12 11:12:24 +0400], Instance: 0x005E9A3C (32-bit), Flags: Cmdre0, Thread: 0x4AD0 (Main), GetLastError(): 183 (Невозможно создать файл, так как он уже существует). 

--------------------------------------------------
Стек вызовов:

# 0 0x004586F7 in C:\Users\OlegA\Desktop\Onegin v.2\aboba.exe: PrintNotSortedArray() at C:/Users/OlegA/Desktop/Onegin v.2/source/text.cpp (195):

    193: 
    194:     for (size_t i = 0; i < onegin->buf_size; i++) {
=>  195:         if ((onegin->buffer)[i] == '\0') {
    196:             fprintf(file_ptr, "\n{%d} ", count_of_lines);
    197:             count_of_lines++;

# 1 0x00484372 in C:\Users\OlegA\Desktop\Onegin v.2\aboba.exe: main() at C:/Users/OlegA/Desktop/Onegin v.2/source/onegin.cpp (14):

     12:     PrintSortedByBeginArray(&onegin);
     13: 
=>   14:     PrintNotSortedArray(&onegin);
     15: 
     16:     FreeStructText(&onegin);

--------------------------------------------------
Developed with:

The Dumb Artist Library (TX Library)
TXLib [Ver: 00173a, Rev: 172, Date: 2023-08-12 11:12:24 +0400]
Copyright (C) Ded (Ilya Dedinsky, http://txlib.ru) <mail@txlib.ru>
See license on: http://txlib.ru

TXLib file:	c:\program files (x86)\codeblocks\mingw\include\txlib.h
Compiled:	Sep 15 2023 21:29:13, GNU g++ 4.8.1, std=201103L, MinGW Runtime 3.20, 32-bit, DEBUG
Started:	Sep 15 2023 21:31:32

Run file:	C:\Users\OlegA\Desktop\Onegin v.2\aboba.exe
Directory:	C:\Users\OlegA\Desktop\Onegin v.2

--------------------------------------------------

--------------------------------------------------
TXLib соболезнует...

Программа: C:\Users\OlegA\Desktop\Onegin v.2\aboba.exe,

ВНЕЗАПНО: signal (11, 0x00): SIGSEGV: Доступ по неверному указателю. Ставьте ассерты! 

Нарушение доступа к памяти.

#1: Исключение EXCEPTION_ACCESS_VIOLATION (0xC0000005) при выполнении кода по адресу 0x004586F7 в функции PrintNotSortedArray() в файле C:/Users/OlegA/Desktop/Onegin v.2/source/text.cpp на строке 195. Попытка прочесть данные по адресу 0x01C8E001 в модуле C:\Users\OlegA\Desktop\Onegin v.2\aboba.exe. Спасибо _txVectoredExceptionHandler(), что сообщил. Люблю его <3

С помощью функции signal() вы можете сами обработать эту ошибку.

#2: TXLib [Ver: 00173a, Rev: 172, Date: 2023-08-12 11:12:24 +0400], Instance: 0x005E9A3C (32-bit), Flags: Cmdre0, Thread: 0x4AD0 (Main), GetLastError(): 183 (Невозможно создать файл, так как он уже существует). 

--------------------------------------------------
Стек вызовов:

# 0 0x004586F7 in C:\Users\OlegA\Desktop\Onegin v.2\aboba.exe: PrintNotSortedArray() at C:/Users/OlegA/Desktop/Onegin v.2/source/text.cpp (195):

    193: 
    194:     for (size_t i = 0; i < onegin->buf_size; i++) {
=>  195:         if ((onegin->buffer)[i] == '\0') {
    196:             fprintf(file_ptr, "\n{%d} ", count_of_lines);
    197:             count_of_lines++;

# 1 0x00484372 in C:\Users\OlegA\Desktop\Onegin v.2\aboba.exe: main() at C:/Users/OlegA/Desktop/Onegin v.2/source/onegin.cpp (14):

     12:     PrintSortedByBeginArray(&onegin);
     13: 
=>   14:     PrintNotSortedArray(&onegin);
     15: 
     16:     FreeStructText(&onegin);

--------------------------------------------------
Developed with:

The Dumb Artist Library (TX Library)
TXLib [Ver: 00173a, Rev: 172, Date: 2023-08-12 11:12:24 +0400]
Copyright (C) Ded (Ilya Dedinsky, http://txlib.ru) <mail@txlib.ru>
See license on: http://txlib.ru

TXLib file:	c:\program files (x86)\codeblocks\mingw\include\txlib.h
Compiled:	Sep 15 2023 21:29:13, GNU g++ 4.8.1, std=201103L, MinGW Runtime 3.20, 32-bit, DEBUG
Started:	Sep 15 2023 21:31:32

Run file:	C:\Users\OlegA\Desktop\Onegin v.2\aboba.exe
Directory:	C:\Users\OlegA\Desktop\Onegin v.2

--------------------------------------------------

--------------------------------------------------
TXLib предупреждает:

Программа: C:\Users\OlegA\Desktop\Onegin v.2\aboba.exe,

ВНЕЗАПНО: Нарушение доступа к памяти.

#1: Исключение EXCEPTION_ACCESS_VIOLATION (0xC0000005) при выполнении кода по адресу 0x004586F7 в функции PrintNotSortedArray() в файле C:/Users/OlegA/Desktop/Onegin v.2/source/text.cpp на строке 195. Попытка прочесть данные по адресу 0x01BEE001 в модуле C:\Users\OlegA\Desktop\Onegin v.2\aboba.exe. Спасибо _txVectoredExceptionHandler(), что сообщил. Люблю его <3

#1: TXLib [Ver: 00173a, Rev: 172, Date: 2023-08-12 11:12:24 +0400], Instance: 0x005E9A3C (32-bit), Flags: Cmdre0, Thread: 0x4BD4 (Main), GetLastError(): 183 (Невозможно создать файл, так как он уже существует). 

--------------------------------------------------
Стек вызовов:

# 0 0x004586F7 in C:\Users\OlegA\Desktop\Onegin v.2\aboba.exe: PrintNotSortedArray() at C:/Users/OlegA/Desktop/Onegin v.2/source/text.cpp (195):

    193: 
    194:     for (size_t i = 0; i < onegin->buf_size; i++) {
=>  195:         if (onegin->buffer[i] == '\0') {
    196:             fprintf(file_ptr, "\n{%d} ", count_of_lines);
    197:             count_of_lines++;

# 1 0x00484372 in C:\Users\OlegA\Desktop\Onegin v.2\aboba.exe: main() at C:/Users/OlegA/Desktop/Onegin v.2/source/onegin.cpp (14):

     12:     PrintSortedByBeginArray(&onegin);
     13: 
=>   14:     PrintNotSortedArray(&onegin);
     15: 
     16:     FreeStructText(&onegin);

--------------------------------------------------
Developed with:

The Dumb Artist Library (TX Library)
TXLib [Ver: 00173a, Rev: 172, Date: 2023-08-12 11:12:24 +0400]
Copyright (C) Ded (Ilya Dedinsky, http://txlib.ru) <mail@txlib.ru>
See license on: http://txlib.ru

TXLib file:	c:\program files (x86)\codeblocks\mingw\include\txlib.h
Compiled:	Sep 15 2023 21:29:13, GNU g++ 4.8.1, std=201103L, MinGW Runtime 3.20, 32-bit, DEBUG
Started:	Sep 15 2023 21:32:42

Run file:	C:\Users\OlegA\Desktop\Onegin v.2\aboba.exe
Directory:	C:\Users\OlegA\Desktop\Onegin v.2

--------------------------------------------------

--------------------------------------------------
TXLib соболезнует...

Программа: C:\Users\OlegA\Desktop\Onegin v.2\aboba.exe,

ВНЕЗАПНО: signal (11, 0x00): SIGSEGV: Доступ по неверному указателю. Ставьте ассерты! 

Нарушение доступа к памяти.

#1: Исключение EXCEPTION_ACCESS_VIOLATION (0xC0000005) при выполнении кода по адресу 0x004586F7 в функции PrintNotSortedArray() в файле C:/Users/OlegA/Desktop/Onegin v.2/source/text.cpp на строке 195. Попытка прочесть данные по адресу 0x01BEE001 в модуле C:\Users\OlegA\Desktop\Onegin v.2\aboba.exe. Спасибо _txVectoredExceptionHandler(), что сообщил. Люблю его <3

С помощью функции signal() вы можете сами обработать эту ошибку.

#2: TXLib [Ver: 00173a, Rev: 172, Date: 2023-08-12 11:12:24 +0400], Instance: 0x005E9A3C (32-bit), Flags: Cmdre0, Thread: 0x4BD4 (Main), GetLastError(): 183 (Невозможно создать файл, так как он уже существует). 

--------------------------------------------------
Стек вызовов:

# 0 0x004586F7 in C:\Users\OlegA\Desktop\Onegin v.2\aboba.exe: PrintNotSortedArray() at C:/Users/OlegA/Desktop/Onegin v.2/source/text.cpp (195):

    193: 
    194:     for (size_t i = 0; i < onegin->buf_size; i++) {
=>  195:         if (onegin->buffer[i] == '\0') {
    196:             fprintf(file_ptr, "\n{%d} ", count_of_lines);
    197:             count_of_lines++;

# 1 0x00484372 in C:\Users\OlegA\Desktop\Onegin v.2\aboba.exe: main() at C:/Users/OlegA/Desktop/Onegin v.2/source/onegin.cpp (14):

     12:     PrintSortedByBeginArray(&onegin);
     13: 
=>   14:     PrintNotSortedArray(&onegin);
     15: 
     16:     FreeStructText(&onegin);

--------------------------------------------------
Developed with:

The Dumb Artist Library (TX Library)
TXLib [Ver: 00173a, Rev: 172, Date: 2023-08-12 11:12:24 +0400]
Copyright (C) Ded (Ilya Dedinsky, http://txlib.ru) <mail@txlib.ru>
See license on: http://txlib.ru

TXLib file:	c:\program files (x86)\codeblocks\mingw\include\txlib.h
Compiled:	Sep 15 2023 21:29:13, GNU g++ 4.8.1, std=201103L, MinGW Runtime 3.20, 32-bit, DEBUG
Started:	Sep 15 2023 21:32:42

Run file:	C:\Users\OlegA\Desktop\Onegin v.2\aboba.exe
Directory:	C:\Users\OlegA\Desktop\Onegin v.2

--------------------------------------------------

--------------------------------------------------
TXLib предупреждает:

Программа: C:\Users\OlegA\Desktop\Onegin v.2\aboba.exe,

ВНЕЗАПНО: Нарушение доступа к памяти.

#1: Исключение EXCEPTION_ACCESS_VIOLATION (0xC0000005) при выполнении кода по адресу 0x004586F7 в функции PrintNotSortedArray() в файле C:/Users/OlegA/Desktop/Onegin v.2/source/text.cpp на строке 195. Попытка прочесть данные по адресу 0x01BFE001 в модуле C:\Users\OlegA\Desktop\Onegin v.2\aboba.exe. Спасибо _txVectoredExceptionHandler(), что сообщил. Люблю его <3

#1: TXLib [Ver: 00173a, Rev: 172, Date: 2023-08-12 11:12:24 +0400], Instance: 0x005E9A3C (32-bit), Flags: Cmdre0, Thread: 0x217C (Main), GetLastError(): 183 (Невозможно создать файл, так как он уже существует). 

--------------------------------------------------
Стек вызовов:

# 0 0x004586F7 in C:\Users\OlegA\Desktop\Onegin v.2\aboba.exe: PrintNotSortedArray() at C:/Users/OlegA/Desktop/Onegin v.2/source/text.cpp (195):

    193: 
    194:     for (size_t i = 0; i < onegin->buf_size; i++) {
=>  195:         if (*(onegin->buffer + i) == '\0') {
    196:             fprintf(file_ptr, "\n{%d} ", count_of_lines);
    197:             count_of_lines++;

# 1 0x00484372 in C:\Users\OlegA\Desktop\Onegin v.2\aboba.exe: main() at C:/Users/OlegA/Desktop/Onegin v.2/source/onegin.cpp (14):

     12:     PrintSortedByBeginArray(&onegin);
     13: 
=>   14:     PrintNotSortedArray(&onegin);
     15: 
     16:     FreeStructText(&onegin);

--------------------------------------------------
Developed with:

The Dumb Artist Library (TX Library)
TXLib [Ver: 00173a, Rev: 172, Date: 2023-08-12 11:12:24 +0400]
Copyright (C) Ded (Ilya Dedinsky, http://txlib.ru) <mail@txlib.ru>
See license on: http://txlib.ru

TXLib file:	c:\program files (x86)\codeblocks\mingw\include\txlib.h
Compiled:	Sep 15 2023 21:29:13, GNU g++ 4.8.1, std=201103L, MinGW Runtime 3.20, 32-bit, DEBUG
Started:	Sep 15 2023 21:33:31

Run file:	C:\Users\OlegA\Desktop\Onegin v.2\aboba.exe
Directory:	C:\Users\OlegA\Desktop\Onegin v.2

--------------------------------------------------

--------------------------------------------------
TXLib соболезнует...

Программа: C:\Users\OlegA\Desktop\Onegin v.2\aboba.exe,

ВНЕЗАПНО: signal (11, 0x00): SIGSEGV: Доступ по неверному указателю. Ставьте ассерты! 

Нарушение доступа к памяти.

#1: Исключение EXCEPTION_ACCESS_VIOLATION (0xC0000005) при выполнении кода по адресу 0x004586F7 в функции PrintNotSortedArray() в файле C:/Users/OlegA/Desktop/Onegin v.2/source/text.cpp на строке 195. Попытка прочесть данные по адресу 0x01BFE001 в модуле C:\Users\OlegA\Desktop\Onegin v.2\aboba.exe. Спасибо _txVectoredExceptionHandler(), что сообщил. Люблю его <3

С помощью функции signal() вы можете сами обработать эту ошибку.

#2: TXLib [Ver: 00173a, Rev: 172, Date: 2023-08-12 11:12:24 +0400], Instance: 0x005E9A3C (32-bit), Flags: Cmdre0, Thread: 0x217C (Main), GetLastError(): 183 (Невозможно создать файл, так как он уже существует). 

--------------------------------------------------
Стек вызовов:

# 0 0x004586F7 in C:\Users\OlegA\Desktop\Onegin v.2\aboba.exe: PrintNotSortedArray() at C:/Users/OlegA/Desktop/Onegin v.2/source/text.cpp (195):

    193: 
    194:     for (size_t i = 0; i < onegin->buf_size; i++) {
=>  195:         if (*(onegin->buffer + i) == '\0') {
    196:             fprintf(file_ptr, "\n{%d} ", count_of_lines);
    197:             count_of_lines++;

# 1 0x00484372 in C:\Users\OlegA\Desktop\Onegin v.2\aboba.exe: main() at C:/Users/OlegA/Desktop/Onegin v.2/source/onegin.cpp (14):

     12:     PrintSortedByBeginArray(&onegin);
     13: 
=>   14:     PrintNotSortedArray(&onegin);
     15: 
     16:     FreeStructText(&onegin);

--------------------------------------------------
Developed with:

The Dumb Artist Library (TX Library)
TXLib [Ver: 00173a, Rev: 172, Date: 2023-08-12 11:12:24 +0400]
Copyright (C) Ded (Ilya Dedinsky, http://txlib.ru) <mail@txlib.ru>
See license on: http://txlib.ru

TXLib file:	c:\program files (x86)\codeblocks\mingw\include\txlib.h
Compiled:	Sep 15 2023 21:29:13, GNU g++ 4.8.1, std=201103L, MinGW Runtime 3.20, 32-bit, DEBUG
Started:	Sep 15 2023 21:33:31

Run file:	C:\Users\OlegA\Desktop\Onegin v.2\aboba.exe
Directory:	C:\Users\OlegA\Desktop\Onegin v.2

--------------------------------------------------

--------------------------------------------------
TXLib предупреждает:

Программа: C:\Users\OlegA\Desktop\Onegin v.2\aboba.exe,

ВНЕЗАПНО: Нарушение доступа к памяти.

#1: Исключение EXCEPTION_ACCESS_VIOLATION (0xC0000005) при выполнении кода по адресу 0x00458763 в функции PrintNotSortedArray() в файле C:/Users/OlegA/Desktop/Onegin v.2/source/text.cpp на строке 196. Попытка прочесть данные по адресу 0x01CCE001 в модуле C:\Users\OlegA\Desktop\Onegin v.2\aboba.exe. Спасибо _txVectoredExceptionHandler(), что сообщил. Люблю его <3

#1: TXLib [Ver: 00173a, Rev: 172, Date: 2023-08-12 11:12:24 +0400], Instance: 0x005E9A3C (32-bit), Flags: Cmdre0, Thread: 0xD84 (Main), GetLastError(): 183 (Невозможно создать файл, так как он уже существует). 

--------------------------------------------------
Стек вызовов:

# 0 0x00458763 in C:\Users\OlegA\Desktop\Onegin v.2\aboba.exe: PrintNotSortedArray() at C:/Users/OlegA/Desktop/Onegin v.2/source/text.cpp (196):

    194: 
    195:     for (size_t i = 0; i < onegin->buf_size; i++) {
=>  196:         if (*(onegin->buffer + i) == '\0') {
    197:             fprintf(file_ptr, "\n{%d} ", count_of_lines);
    198:             count_of_lines++;

# 1 0x004843E2 in C:\Users\OlegA\Desktop\Onegin v.2\aboba.exe: main() at C:/Users/OlegA/Desktop/Onegin v.2/source/onegin.cpp (14):

     12:     PrintSortedByBeginArray(&onegin);
     13: 
=>   14:     PrintNotSortedArray(&onegin);
     15: 
     16:     FreeStructText(&onegin);

--------------------------------------------------
Developed with:

The Dumb Artist Library (TX Library)
TXLib [Ver: 00173a, Rev: 172, Date: 2023-08-12 11:12:24 +0400]
Copyright (C) Ded (Ilya Dedinsky, http://txlib.ru) <mail@txlib.ru>
See license on: http://txlib.ru

TXLib file:	c:\program files (x86)\codeblocks\mingw\include\txlib.h
Compiled:	Sep 15 2023 21:29:13, GNU g++ 4.8.1, std=201103L, MinGW Runtime 3.20, 32-bit, DEBUG
Started:	Sep 15 2023 21:34:15

Run file:	C:\Users\OlegA\Desktop\Onegin v.2\aboba.exe
Directory:	C:\Users\OlegA\Desktop\Onegin v.2

--------------------------------------------------

--------------------------------------------------
TXLib соболезнует...

Программа: C:\Users\OlegA\Desktop\Onegin v.2\aboba.exe,

ВНЕЗАПНО: signal (11, 0x00): SIGSEGV: Доступ по неверному указателю. Ставьте ассерты! 

Нарушение доступа к памяти.

#1: Исключение EXCEPTION_ACCESS_VIOLATION (0xC0000005) при выполнении кода по адресу 0x00458763 в функции PrintNotSortedArray() в файле C:/Users/OlegA/Desktop/Onegin v.2/source/text.cpp на строке 196. Попытка прочесть данные по адресу 0x01CCE001 в модуле C:\Users\OlegA\Desktop\Onegin v.2\aboba.exe. Спасибо _txVectoredExceptionHandler(), что сообщил. Люблю его <3

С помощью функции signal() вы можете сами обработать эту ошибку.

#2: TXLib [Ver: 00173a, Rev: 172, Date: 2023-08-12 11:12:24 +0400], Instance: 0x005E9A3C (32-bit), Flags: Cmdre0, Thread: 0xD84 (Main), GetLastError(): 183 (Невозможно создать файл, так как он уже существует). 

--------------------------------------------------
Стек вызовов:

# 0 0x00458763 in C:\Users\OlegA\Desktop\Onegin v.2\aboba.exe: PrintNotSortedArray() at C:/Users/OlegA/Desktop/Onegin v.2/source/text.cpp (196):

    194: 
    195:     for (size_t i = 0; i < onegin->buf_size; i++) {
=>  196:         if (*(onegin->buffer + i) == '\0') {
    197:             fprintf(file_ptr, "\n{%d} ", count_of_lines);
    198:             count_of_lines++;

# 1 0x004843E2 in C:\Users\OlegA\Desktop\Onegin v.2\aboba.exe: main() at C:/Users/OlegA/Desktop/Onegin v.2/source/onegin.cpp (14):

     12:     PrintSortedByBeginArray(&onegin);
     13: 
=>   14:     PrintNotSortedArray(&onegin);
     15: 
     16:     FreeStructText(&onegin);

--------------------------------------------------
Developed with:

The Dumb Artist Library (TX Library)
TXLib [Ver: 00173a, Rev: 172, Date: 2023-08-12 11:12:24 +0400]
Copyright (C) Ded (Ilya Dedinsky, http://txlib.ru) <mail@txlib.ru>
See license on: http://txlib.ru

TXLib file:	c:\program files (x86)\codeblocks\mingw\include\txlib.h
Compiled:	Sep 15 2023 21:29:13, GNU g++ 4.8.1, std=201103L, MinGW Runtime 3.20, 32-bit, DEBUG
Started:	Sep 15 2023 21:34:15

Run file:	C:\Users\OlegA\Desktop\Onegin v.2\aboba.exe
Directory:	C:\Users\OlegA\Desktop\Onegin v.2

--------------------------------------------------

--------------------------------------------------
TXLib предупреждает:

Программа: C:\Users\OlegA\Desktop\Onegin v.2\aboba.exe,

ВНЕЗАПНО: Нарушение доступа к памяти.

#1: Исключение EXCEPTION_ACCESS_VIOLATION (0xC0000005) при выполнении кода по адресу 0x00458769 в функции PrintNotSortedArray() в файле C:/Users/OlegA/Desktop/Onegin v.2/source/text.cpp на строке 198. Попытка прочесть данные по адресу 0x01C2E001 в модуле C:\Users\OlegA\Desktop\Onegin v.2\aboba.exe. Спасибо _txVectoredExceptionHandler(), что сообщил. Люблю его <3

#1: TXLib [Ver: 00173a, Rev: 172, Date: 2023-08-12 11:12:24 +0400], Instance: 0x005E9A3C (32-bit), Flags: Cmdre0, Thread: 0x3BC (Main), GetLastError(): 183 (Невозможно создать файл, так как он уже существует). 

--------------------------------------------------
Стек вызовов:

# 0 0x00458769 in C:\Users\OlegA\Desktop\Onegin v.2\aboba.exe: PrintNotSortedArray() at C:/Users/OlegA/Desktop/Onegin v.2/source/text.cpp (198):

    196: 
    197:     for (size_t i = 0; i < onegin->buf_size; i++) {
=>  198:         if (Buf[i] == '\0') {
    199:             fprintf(file_ptr, "\n{%d} ", count_of_lines);
    200:             count_of_lines++;

# 1 0x004843E6 in C:\Users\OlegA\Desktop\Onegin v.2\aboba.exe: main() at C:/Users/OlegA/Desktop/Onegin v.2/source/onegin.cpp (14):

     12:     PrintSortedByBeginArray(&onegin);
     13: 
=>   14:     PrintNotSortedArray(&onegin);
     15: 
     16:     FreeStructText(&onegin);

--------------------------------------------------
Developed with:

The Dumb Artist Library (TX Library)
TXLib [Ver: 00173a, Rev: 172, Date: 2023-08-12 11:12:24 +0400]
Copyright (C) Ded (Ilya Dedinsky, http://txlib.ru) <mail@txlib.ru>
See license on: http://txlib.ru

TXLib file:	c:\program files (x86)\codeblocks\mingw\include\txlib.h
Compiled:	Sep 15 2023 21:29:13, GNU g++ 4.8.1, std=201103L, MinGW Runtime 3.20, 32-bit, DEBUG
Started:	Sep 15 2023 21:37:03

Run file:	C:\Users\OlegA\Desktop\Onegin v.2\aboba.exe
Directory:	C:\Users\OlegA\Desktop\Onegin v.2

--------------------------------------------------

--------------------------------------------------
TXLib соболезнует...

Программа: C:\Users\OlegA\Desktop\Onegin v.2\aboba.exe,

ВНЕЗАПНО: signal (11, 0x00): SIGSEGV: Доступ по неверному указателю. Ставьте ассерты! 

Нарушение доступа к памяти.

#1: Исключение EXCEPTION_ACCESS_VIOLATION (0xC0000005) при выполнении кода по адресу 0x00458769 в функции PrintNotSortedArray() в файле C:/Users/OlegA/Desktop/Onegin v.2/source/text.cpp на строке 198. Попытка прочесть данные по адресу 0x01C2E001 в модуле C:\Users\OlegA\Desktop\Onegin v.2\aboba.exe. Спасибо _txVectoredExceptionHandler(), что сообщил. Люблю его <3

С помощью функции signal() вы можете сами обработать эту ошибку.

#2: TXLib [Ver: 00173a, Rev: 172, Date: 2023-08-12 11:12:24 +0400], Instance: 0x005E9A3C (32-bit), Flags: Cmdre0, Thread: 0x3BC (Main), GetLastError(): 183 (Невозможно создать файл, так как он уже существует). 

--------------------------------------------------
Стек вызовов:

# 0 0x00458769 in C:\Users\OlegA\Desktop\Onegin v.2\aboba.exe: PrintNotSortedArray() at C:/Users/OlegA/Desktop/Onegin v.2/source/text.cpp (198):

    196: 
    197:     for (size_t i = 0; i < onegin->buf_size; i++) {
=>  198:         if (Buf[i] == '\0') {
    199:             fprintf(file_ptr, "\n{%d} ", count_of_lines);
    200:             count_of_lines++;

# 1 0x004843E6 in C:\Users\OlegA\Desktop\Onegin v.2\aboba.exe: main() at C:/Users/OlegA/Desktop/Onegin v.2/source/onegin.cpp (14):

     12:     PrintSortedByBeginArray(&onegin);
     13: 
=>   14:     PrintNotSortedArray(&onegin);
     15: 
     16:     FreeStructText(&onegin);

--------------------------------------------------
Developed with:

The Dumb Artist Library (TX Library)
TXLib [Ver: 00173a, Rev: 172, Date: 2023-08-12 11:12:24 +0400]
Copyright (C) Ded (Ilya Dedinsky, http://txlib.ru) <mail@txlib.ru>
See license on: http://txlib.ru

TXLib file:	c:\program files (x86)\codeblocks\mingw\include\txlib.h
Compiled:	Sep 15 2023 21:29:13, GNU g++ 4.8.1, std=201103L, MinGW Runtime 3.20, 32-bit, DEBUG
Started:	Sep 15 2023 21:37:03

Run file:	C:\Users\OlegA\Desktop\Onegin v.2\aboba.exe
Directory:	C:\Users\OlegA\Desktop\Onegin v.2

--------------------------------------------------

--------------------------------------------------
TXLib предупреждает:

Программа: C:\Users\OlegA\Desktop\Onegin v.2\aboba.exe,

ВНЕЗАПНО: Нарушение доступа к памяти.

#1: Исключение EXCEPTION_ACCESS_VIOLATION (0xC0000005) при выполнении кода по адресу 0x00458753 в функции PrintNotSortedArray() в файле C:/Users/OlegA/Desktop/Onegin v.2/source/text.cpp на строке 198. Попытка прочесть данные по адресу 0x01BEE001 в модуле C:\Users\OlegA\Desktop\Onegin v.2\aboba.exe. Спасибо _txVectoredExceptionHandler(), что сообщил. Люблю его <3

#1: TXLib [Ver: 00173a, Rev: 172, Date: 2023-08-12 11:12:24 +0400], Instance: 0x005E9A3C (32-bit), Flags: Cmdre0, Thread: 0x140 (Main), GetLastError(): 183 (Невозможно создать файл, так как он уже существует). 

--------------------------------------------------
Стек вызовов:

# 0 0x00458753 in C:\Users\OlegA\Desktop\Onegin v.2\aboba.exe: PrintNotSortedArray() at C:/Users/OlegA/Desktop/Onegin v.2/source/text.cpp (198):

    196: 
    197:     for (size_t i = 0; i < onegin->buf_size; i++) {
=>  198:         if (Buf[i] == '\0') {
    199:             fprintf(file_ptr, "\n{%d} ", count_of_lines);
    200:             count_of_lines++;

# 1 0x004843CE in C:\Users\OlegA\Desktop\Onegin v.2\aboba.exe: main() at C:/Users/OlegA/Desktop/Onegin v.2/source/onegin.cpp (14):

     12:     PrintSortedByBeginArray(&onegin);
     13: 
=>   14:     PrintNotSortedArray(&onegin);
     15: 
     16:     FreeStructText(&onegin);

--------------------------------------------------
Developed with:

The Dumb Artist Library (TX Library)
TXLib [Ver: 00173a, Rev: 172, Date: 2023-08-12 11:12:24 +0400]
Copyright (C) Ded (Ilya Dedinsky, http://txlib.ru) <mail@txlib.ru>
See license on: http://txlib.ru

TXLib file:	c:\program files (x86)\codeblocks\mingw\include\txlib.h
Compiled:	Sep 15 2023 21:29:13, GNU g++ 4.8.1, std=201103L, MinGW Runtime 3.20, 32-bit, DEBUG
Started:	Sep 15 2023 21:38:19

Run file:	C:\Users\OlegA\Desktop\Onegin v.2\aboba.exe
Directory:	C:\Users\OlegA\Desktop\Onegin v.2

--------------------------------------------------

--------------------------------------------------
TXLib соболезнует...

Программа: C:\Users\OlegA\Desktop\Onegin v.2\aboba.exe,

ВНЕЗАПНО: signal (11, 0x00): SIGSEGV: Доступ по неверному указателю. Ставьте ассерты! 

Нарушение доступа к памяти.

#1: Исключение EXCEPTION_ACCESS_VIOLATION (0xC0000005) при выполнении кода по адресу 0x00458753 в функции PrintNotSortedArray() в файле C:/Users/OlegA/Desktop/Onegin v.2/source/text.cpp на строке 198. Попытка прочесть данные по адресу 0x01BEE001 в модуле C:\Users\OlegA\Desktop\Onegin v.2\aboba.exe. Спасибо _txVectoredExceptionHandler(), что сообщил. Люблю его <3

С помощью функции signal() вы можете сами обработать эту ошибку.

#2: TXLib [Ver: 00173a, Rev: 172, Date: 2023-08-12 11:12:24 +0400], Instance: 0x005E9A3C (32-bit), Flags: Cmdre0, Thread: 0x140 (Main), GetLastError(): 183 (Невозможно создать файл, так как он уже существует). 

--------------------------------------------------
Стек вызовов:

# 0 0x00458753 in C:\Users\OlegA\Desktop\Onegin v.2\aboba.exe: PrintNotSortedArray() at C:/Users/OlegA/Desktop/Onegin v.2/source/text.cpp (198):

    196: 
    197:     for (size_t i = 0; i < onegin->buf_size; i++) {
=>  198:         if (Buf[i] == '\0') {
    199:             fprintf(file_ptr, "\n{%d} ", count_of_lines);
    200:             count_of_lines++;

# 1 0x004843CE in C:\Users\OlegA\Desktop\Onegin v.2\aboba.exe: main() at C:/Users/OlegA/Desktop/Onegin v.2/source/onegin.cpp (14):

     12:     PrintSortedByBeginArray(&onegin);
     13: 
=>   14:     PrintNotSortedArray(&onegin);
     15: 
     16:     FreeStructText(&onegin);

--------------------------------------------------
Developed with:

The Dumb Artist Library (TX Library)
TXLib [Ver: 00173a, Rev: 172, Date: 2023-08-12 11:12:24 +0400]
Copyright (C) Ded (Ilya Dedinsky, http://txlib.ru) <mail@txlib.ru>
See license on: http://txlib.ru

TXLib file:	c:\program files (x86)\codeblocks\mingw\include\txlib.h
Compiled:	Sep 15 2023 21:29:13, GNU g++ 4.8.1, std=201103L, MinGW Runtime 3.20, 32-bit, DEBUG
Started:	Sep 15 2023 21:38:19

Run file:	C:\Users\OlegA\Desktop\Onegin v.2\aboba.exe
Directory:	C:\Users\OlegA\Desktop\Onegin v.2

--------------------------------------------------

--------------------------------------------------
TXLib предупреждает:

Программа: C:\Users\OlegA\Desktop\Onegin v.2\aboba.exe,

ВНЕЗАПНО: Нарушение доступа к памяти.

#1: Исключение EXCEPTION_ACCESS_VIOLATION (0xC0000005) при выполнении кода по адресу 0x004587B7 в функции PrintNotSortedArray() в файле C:/Users/OlegA/Desktop/Onegin v.2/source/text.cpp на строке 200. Попытка прочесть данные по адресу 0x01BFE001 в модуле C:\Users\OlegA\Desktop\Onegin v.2\aboba.exe. Спасибо _txVectoredExceptionHandler(), что сообщил. Люблю его <3

#1: TXLib [Ver: 00173a, Rev: 172, Date: 2023-08-12 11:12:24 +0400], Instance: 0x005E9A3C (32-bit), Flags: Cmdre0, Thread: 0x38B4 (Main), GetLastError(): 183 (Невозможно создать файл, так как он уже существует). 

--------------------------------------------------
Стек вызовов:

# 0 0x004587B7 in C:\Users\OlegA\Desktop\Onegin v.2\aboba.exe: PrintNotSortedArray() at C:/Users/OlegA/Desktop/Onegin v.2/source/text.cpp (200):

    198:     for (size_t i = 0; i < onegin->buf_size; i++) {
    199:         #if 1
=>  200:         if (Buf[i] == '\0') {
    201:             fprintf(file_ptr, "\n{%d} ", count_of_lines);
    202:             count_of_lines++;

# 1 0x0048441A in C:\Users\OlegA\Desktop\Onegin v.2\aboba.exe: main() at C:/Users/OlegA/Desktop/Onegin v.2/source/onegin.cpp (10):

      8:     text onegin = FillStructText(filename);
      9: 
=>   10:     PrintNotSortedArray(&onegin);
     11: 
     12:     PrintSortedByEndArray(&onegin);

--------------------------------------------------
Developed with:

The Dumb Artist Library (TX Library)
TXLib [Ver: 00173a, Rev: 172, Date: 2023-08-12 11:12:24 +0400]
Copyright (C) Ded (Ilya Dedinsky, http://txlib.ru) <mail@txlib.ru>
See license on: http://txlib.ru

TXLib file:	c:\program files (x86)\codeblocks\mingw\include\txlib.h
Compiled:	Sep 15 2023 21:44:50, GNU g++ 4.8.1, std=201103L, MinGW Runtime 3.20, 32-bit, DEBUG
Started:	Sep 15 2023 21:44:54

Run file:	C:\Users\OlegA\Desktop\Onegin v.2\aboba.exe
Directory:	C:\Users\OlegA\Desktop\Onegin v.2

--------------------------------------------------

--------------------------------------------------
TXLib соболезнует...

Программа: C:\Users\OlegA\Desktop\Onegin v.2\aboba.exe,

ВНЕЗАПНО: signal (11, 0x00): SIGSEGV: Доступ по неверному указателю. Ставьте ассерты! 

Нарушение доступа к памяти.

#1: Исключение EXCEPTION_ACCESS_VIOLATION (0xC0000005) при выполнении кода по адресу 0x004587B7 в функции PrintNotSortedArray() в файле C:/Users/OlegA/Desktop/Onegin v.2/source/text.cpp на строке 200. Попытка прочесть данные по адресу 0x01BFE001 в модуле C:\Users\OlegA\Desktop\Onegin v.2\aboba.exe. Спасибо _txVectoredExceptionHandler(), что сообщил. Люблю его <3

С помощью функции signal() вы можете сами обработать эту ошибку.

#2: TXLib [Ver: 00173a, Rev: 172, Date: 2023-08-12 11:12:24 +0400], Instance: 0x005E9A3C (32-bit), Flags: Cmdre0, Thread: 0x38B4 (Main), GetLastError(): 183 (Невозможно создать файл, так как он уже существует). 

--------------------------------------------------
Стек вызовов:

# 0 0x004587B7 in C:\Users\OlegA\Desktop\Onegin v.2\aboba.exe: PrintNotSortedArray() at C:/Users/OlegA/Desktop/Onegin v.2/source/text.cpp (200):

    198:     for (size_t i = 0; i < onegin->buf_size; i++) {
    199:         #if 1
=>  200:         if (Buf[i] == '\0') {
    201:             fprintf(file_ptr, "\n{%d} ", count_of_lines);
    202:             count_of_lines++;

# 1 0x0048441A in C:\Users\OlegA\Desktop\Onegin v.2\aboba.exe: main() at C:/Users/OlegA/Desktop/Onegin v.2/source/onegin.cpp (10):

      8:     text onegin = FillStructText(filename);
      9: 
=>   10:     PrintNotSortedArray(&onegin);
     11: 
     12:     PrintSortedByEndArray(&onegin);

--------------------------------------------------
Developed with:

The Dumb Artist Library (TX Library)
TXLib [Ver: 00173a, Rev: 172, Date: 2023-08-12 11:12:24 +0400]
Copyright (C) Ded (Ilya Dedinsky, http://txlib.ru) <mail@txlib.ru>
See license on: http://txlib.ru

TXLib file:	c:\program files (x86)\codeblocks\mingw\include\txlib.h
Compiled:	Sep 15 2023 21:44:50, GNU g++ 4.8.1, std=201103L, MinGW Runtime 3.20, 32-bit, DEBUG
Started:	Sep 15 2023 21:44:54

Run file:	C:\Users\OlegA\Desktop\Onegin v.2\aboba.exe
Directory:	C:\Users\OlegA\Desktop\Onegin v.2

--------------------------------------------------

--------------------------------------------------
TXLib предупреждает:

Программа: C:\Users\OlegA\Desktop\Onegin v.2\aboba.exe,

ВНЕЗАПНО: Нарушение доступа к памяти.

#1: Исключение EXCEPTION_ACCESS_VIOLATION (0xC0000005) при выполнении кода по адресу 0x0045875D в функции PrintNotSortedArray() в файле C:/Users/OlegA/Desktop/Onegin v.2/source/text.cpp на строке 199. Попытка прочесть данные по адресу 0x01BFE001 в модуле C:\Users\OlegA\Desktop\Onegin v.2\aboba.exe. Спасибо _txVectoredExceptionHandler(), что сообщил. Люблю его <3

#1: TXLib [Ver: 00173a, Rev: 172, Date: 2023-08-12 11:12:24 +0400], Instance: 0x005E9A3C (32-bit), Flags: Cmdre0, Thread: 0x1588 (Main), GetLastError(): 183 (Невозможно создать файл, так как он уже существует). 

--------------------------------------------------
Стек вызовов:

# 0 0x0045875D in C:\Users\OlegA\Desktop\Onegin v.2\aboba.exe: PrintNotSortedArray() at C:/Users/OlegA/Desktop/Onegin v.2/source/text.cpp (199):

    197: 
    198:     for (size_t i = 0; i < buf_size; i++) {
=>  199:         if (buffer[i] == '\0') {
    200:             fprintf(file_ptr, "\n{%d} ", count_of_lines);
    201:             count_of_lines++;

# 1 0x004843DA in C:\Users\OlegA\Desktop\Onegin v.2\aboba.exe: main() at C:/Users/OlegA/Desktop/Onegin v.2/source/onegin.cpp (10):

      8:     text onegin = FillStructText(filename);
      9: 
=>   10:     PrintNotSortedArray(&onegin);
     11: 
     12:     PrintSortedByEndArray(&onegin);

--------------------------------------------------
Developed with:

The Dumb Artist Library (TX Library)
TXLib [Ver: 00173a, Rev: 172, Date: 2023-08-12 11:12:24 +0400]
Copyright (C) Ded (Ilya Dedinsky, http://txlib.ru) <mail@txlib.ru>
See license on: http://txlib.ru

TXLib file:	c:\program files (x86)\codeblocks\mingw\include\txlib.h
Compiled:	Sep 15 2023 21:44:50, GNU g++ 4.8.1, std=201103L, MinGW Runtime 3.20, 32-bit, DEBUG
Started:	Sep 15 2023 21:48:49

Run file:	C:\Users\OlegA\Desktop\Onegin v.2\aboba.exe
Directory:	C:\Users\OlegA\Desktop\Onegin v.2

--------------------------------------------------

--------------------------------------------------
TXLib соболезнует...

Программа: C:\Users\OlegA\Desktop\Onegin v.2\aboba.exe,

ВНЕЗАПНО: signal (11, 0x00): SIGSEGV: Доступ по неверному указателю. Ставьте ассерты! 

Нарушение доступа к памяти.

#1: Исключение EXCEPTION_ACCESS_VIOLATION (0xC0000005) при выполнении кода по адресу 0x0045875D в функции PrintNotSortedArray() в файле C:/Users/OlegA/Desktop/Onegin v.2/source/text.cpp на строке 199. Попытка прочесть данные по адресу 0x01BFE001 в модуле C:\Users\OlegA\Desktop\Onegin v.2\aboba.exe. Спасибо _txVectoredExceptionHandler(), что сообщил. Люблю его <3

С помощью функции signal() вы можете сами обработать эту ошибку.

#2: TXLib [Ver: 00173a, Rev: 172, Date: 2023-08-12 11:12:24 +0400], Instance: 0x005E9A3C (32-bit), Flags: Cmdre0, Thread: 0x1588 (Main), GetLastError(): 183 (Невозможно создать файл, так как он уже существует). 

--------------------------------------------------
Стек вызовов:

# 0 0x0045875D in C:\Users\OlegA\Desktop\Onegin v.2\aboba.exe: PrintNotSortedArray() at C:/Users/OlegA/Desktop/Onegin v.2/source/text.cpp (199):

    197: 
    198:     for (size_t i = 0; i < buf_size; i++) {
=>  199:         if (buffer[i] == '\0') {
    200:             fprintf(file_ptr, "\n{%d} ", count_of_lines);
    201:             count_of_lines++;

# 1 0x004843DA in C:\Users\OlegA\Desktop\Onegin v.2\aboba.exe: main() at C:/Users/OlegA/Desktop/Onegin v.2/source/onegin.cpp (10):

      8:     text onegin = FillStructText(filename);
      9: 
=>   10:     PrintNotSortedArray(&onegin);
     11: 
     12:     PrintSortedByEndArray(&onegin);

--------------------------------------------------
Developed with:

The Dumb Artist Library (TX Library)
TXLib [Ver: 00173a, Rev: 172, Date: 2023-08-12 11:12:24 +0400]
Copyright (C) Ded (Ilya Dedinsky, http://txlib.ru) <mail@txlib.ru>
See license on: http://txlib.ru

TXLib file:	c:\program files (x86)\codeblocks\mingw\include\txlib.h
Compiled:	Sep 15 2023 21:44:50, GNU g++ 4.8.1, std=201103L, MinGW Runtime 3.20, 32-bit, DEBUG
Started:	Sep 15 2023 21:48:49

Run file:	C:\Users\OlegA\Desktop\Onegin v.2\aboba.exe
Directory:	C:\Users\OlegA\Desktop\Onegin v.2

--------------------------------------------------
